<?xml version="1.0" encoding="UTF-8"?>
<testng-results ignored="0" total="1" passed="1" failed="0" skipped="0">
  <reporter-output>
  </reporter-output>
  <suite started-at="2022-08-03T01:44:19 IST" name="Default suite" finished-at="2022-08-03T01:44:50 IST" duration-ms="31266">
    <groups>
    </groups>
    <test started-at="2022-08-03T01:44:19 IST" name="Default test" finished-at="2022-08-03T01:44:50 IST" duration-ms="31266">
      <class name="HomePage">
        <test-method is-config="true" signature="setup()[pri:0, instance:HomePage@6af93788]" started-at="2022-08-03T01:44:19 IST" name="setup" finished-at="2022-08-03T01:44:37 IST" duration-ms="18650" status="PASS">
          <reporter-output>
          </reporter-output>
        </test-method> <!-- setup -->
        <test-method signature="launchApp()[pri:0, instance:HomePage@6af93788]" started-at="2022-08-03T01:44:37 IST" name="launchApp" finished-at="2022-08-03T01:44:50 IST" duration-ms="12443" status="PASS">
          <reporter-output>
          </reporter-output>
        </test-method> <!-- launchApp -->
      </class> <!-- HomePage -->
    </test> <!-- Default test -->
  </suite> <!-- Default suite -->
</testng-results>
